{
"contracts/ISmartYieldController.sol":{"l":{},"path":"/Users/alex/Documents/Work/mob/bb/BarnBridge-Polygon/contracts/ISmartYieldController.sol","s":{},"b":{},"f":{},"fnMap":{},"statementMap":{},"branchMap":{}},
"contracts/ISmartYieldProvider.sol":{"l":{},"path":"/Users/alex/Documents/Work/mob/bb/BarnBridge-Polygon/contracts/ISmartYieldProvider.sol","s":{},"b":{},"f":{},"fnMap":{},"statementMap":{},"branchMap":{}},
"contracts/matic/FxBaseChildTunnel.sol":{"l":{"23":0,"28":0,"29":0,"34":0,"35":0,"39":0,"40":0,"53":0},"path":"/Users/alex/Documents/Work/mob/bb/BarnBridge-Polygon/contracts/matic/FxBaseChildTunnel.sol","s":{"1":0,"2":0,"3":0,"4":0,"5":0,"6":0,"7":0},"b":{"1":[0,0],"2":[0,0],"3":[0,0]},"f":{"1":0,"2":0,"3":0,"4":0,"5":0},"fnMap":{"1":{"name":"constructor","line":22,"loc":{"start":{"line":22,"column":4},"end":{"line":24,"column":4}}},"2":{"name":"validateSender","line":27,"loc":{"start":{"line":27,"column":4},"end":{"line":30,"column":4}}},"3":{"name":"setFxRootTunnel","line":33,"loc":{"start":{"line":33,"column":4},"end":{"line":36,"column":4}}},"4":{"name":"processMessageFromRoot","line":38,"loc":{"start":{"line":38,"column":4},"end":{"line":41,"column":4}}},"5":{"name":"_sendMessageToRoot","line":52,"loc":{"start":{"line":52,"column":4},"end":{"line":54,"column":4}}}},"statementMap":{"1":{"start":{"line":23,"column":8},"end":{"line":23,"column":25}},"2":{"start":{"line":28,"column":8},"end":{"line":28,"column":85}},"3":{"start":{"line":34,"column":8},"end":{"line":34,"column":90}},"4":{"start":{"line":35,"column":8},"end":{"line":35,"column":35}},"5":{"start":{"line":39,"column":8},"end":{"line":39,"column":74}},"6":{"start":{"line":40,"column":8},"end":{"line":40,"column":64}},"7":{"start":{"line":53,"column":8},"end":{"line":53,"column":33}}},"branchMap":{"1":{"line":28,"type":"if","locations":[{"start":{"line":28,"column":8},"end":{"line":28,"column":8}},{"start":{"line":28,"column":8},"end":{"line":28,"column":8}}]},"2":{"line":34,"type":"if","locations":[{"start":{"line":34,"column":8},"end":{"line":34,"column":8}},{"start":{"line":34,"column":8},"end":{"line":34,"column":8}}]},"3":{"line":39,"type":"if","locations":[{"start":{"line":39,"column":8},"end":{"line":39,"column":8}},{"start":{"line":39,"column":8},"end":{"line":39,"column":8}}]}}},
"contracts/matic/FxBaseRootTunnel.sol":{"l":{"49":0,"50":0,"55":0,"56":0,"68":0,"72":0,"78":0,"88":0,"92":0,"94":0,"98":0,"103":0,"106":0,"109":0,"120":0,"129":0,"131":0,"137":0,"138":0,"139":0,"150":0,"158":0,"169":0,"189":0,"190":0},"path":"/Users/alex/Documents/Work/mob/bb/BarnBridge-Polygon/contracts/matic/FxBaseRootTunnel.sol","s":{"1":0,"2":0,"3":0,"4":0,"5":0,"6":0,"7":0,"8":0,"9":0,"10":0,"11":0,"12":0,"13":0,"14":0,"15":0,"16":0,"17":0,"18":0,"19":0,"20":0,"21":0,"22":0,"23":0,"24":0,"25":0},"b":{"1":[0,0],"2":[0,0],"3":[0,0],"4":[0,0],"5":[0,0],"6":[0,0]},"f":{"1":0,"2":0,"3":0,"4":0,"5":0,"6":0},"fnMap":{"1":{"name":"constructor","line":48,"loc":{"start":{"line":48,"column":4},"end":{"line":51,"column":4}}},"2":{"name":"setFxChildTunnel","line":54,"loc":{"start":{"line":54,"column":4},"end":{"line":57,"column":4}}},"3":{"name":"_sendMessageToChild","line":67,"loc":{"start":{"line":67,"column":4},"end":{"line":69,"column":4}}},"4":{"name":"_validateAndExtractMessage","line":71,"loc":{"start":{"line":71,"column":4},"end":{"line":140,"column":4}}},"5":{"name":"_checkBlockMembershipInCheckpoint","line":142,"loc":{"start":{"line":142,"column":4},"end":{"line":170,"column":4}}},"6":{"name":"receiveMessage","line":188,"loc":{"start":{"line":188,"column":4},"end":{"line":191,"column":4}}}},"statementMap":{"1":{"start":{"line":49,"column":8},"end":{"line":49,"column":65}},"2":{"start":{"line":50,"column":8},"end":{"line":50,"column":39}},"3":{"start":{"line":55,"column":8},"end":{"line":55,"column":91}},"4":{"start":{"line":56,"column":8},"end":{"line":56,"column":37}},"5":{"start":{"line":68,"column":8},"end":{"line":68,"column":56}},"6":{"start":{"line":72,"column":8},"end":{"line":72,"column":2320}},"7":{"start":{"line":78,"column":8},"end":{"line":78,"column":2566}},"8":{"start":{"line":88,"column":8},"end":{"line":88,"column":3132}},"9":{"start":{"line":92,"column":8},"end":{"line":92,"column":38}},"10":{"start":{"line":94,"column":8},"end":{"line":94,"column":3309}},"11":{"start":{"line":98,"column":8},"end":{"line":98,"column":3432}},"12":{"start":{"line":103,"column":8},"end":{"line":103,"column":63}},"13":{"start":{"line":106,"column":8},"end":{"line":106,"column":108}},"14":{"start":{"line":109,"column":8},"end":{"line":109,"column":3822}},"15":{"start":{"line":120,"column":8},"end":{"line":120,"column":4246}},"16":{"start":{"line":129,"column":8},"end":{"line":129,"column":75}},"17":{"start":{"line":131,"column":8},"end":{"line":131,"column":4742}},"18":{"start":{"line":137,"column":8},"end":{"line":137,"column":59}},"19":{"start":{"line":138,"column":8},"end":{"line":138,"column":66}},"20":{"start":{"line":139,"column":8},"end":{"line":139,"column":22}},"21":{"start":{"line":150,"column":8},"end":{"line":150,"column":5479}},"22":{"start":{"line":158,"column":8},"end":{"line":158,"column":5594}},"23":{"start":{"line":169,"column":8},"end":{"line":169,"column":24}},"24":{"start":{"line":189,"column":8},"end":{"line":189,"column":68}},"25":{"start":{"line":190,"column":8},"end":{"line":190,"column":40}}},"branchMap":{"1":{"line":55,"type":"if","locations":[{"start":{"line":55,"column":8},"end":{"line":55,"column":8}},{"start":{"line":55,"column":8},"end":{"line":55,"column":8}}]},"2":{"line":88,"type":"if","locations":[{"start":{"line":88,"column":8},"end":{"line":88,"column":8}},{"start":{"line":88,"column":8},"end":{"line":88,"column":8}}]},"3":{"line":106,"type":"if","locations":[{"start":{"line":106,"column":8},"end":{"line":106,"column":8}},{"start":{"line":106,"column":8},"end":{"line":106,"column":8}}]},"4":{"line":109,"type":"if","locations":[{"start":{"line":109,"column":8},"end":{"line":109,"column":8}},{"start":{"line":109,"column":8},"end":{"line":109,"column":8}}]},"5":{"line":131,"type":"if","locations":[{"start":{"line":131,"column":8},"end":{"line":131,"column":8}},{"start":{"line":131,"column":8},"end":{"line":131,"column":8}}]},"6":{"line":158,"type":"if","locations":[{"start":{"line":158,"column":8},"end":{"line":158,"column":8}},{"start":{"line":158,"column":8},"end":{"line":158,"column":8}}]}}},
"contracts/matic/IERC20ChildToken.sol":{"l":{},"path":"/Users/alex/Documents/Work/mob/bb/BarnBridge-Polygon/contracts/matic/IERC20ChildToken.sol","s":{},"b":{},"f":{},"fnMap":{},"statementMap":{},"branchMap":{}},
"contracts/matic/IERC20Predicate.sol":{"l":{},"path":"/Users/alex/Documents/Work/mob/bb/BarnBridge-Polygon/contracts/matic/IERC20Predicate.sol","s":{},"b":{},"f":{},"fnMap":{},"statementMap":{},"branchMap":{}},
"contracts/matic/IRootChainManager.sol":{"l":{},"path":"/Users/alex/Documents/Work/mob/bb/BarnBridge-Polygon/contracts/matic/IRootChainManager.sol","s":{},"b":{},"f":{},"fnMap":{},"statementMap":{},"branchMap":{}},
"contracts/matic/IStateSender.sol":{"l":{},"path":"/Users/alex/Documents/Work/mob/bb/BarnBridge-Polygon/contracts/matic/IStateSender.sol","s":{},"b":{},"f":{},"fnMap":{},"statementMap":{},"branchMap":{}},
"contracts/matic/lib/Merkle.sol":{"l":{"11":0,"12":0,"15":0,"17":0,"18":0,"19":0,"20":0,"24":0,"25":0,"29":0,"34":0,"36":0},"path":"/Users/alex/Documents/Work/mob/bb/BarnBridge-Polygon/contracts/matic/lib/Merkle.sol","s":{"1":0,"2":0,"3":0,"4":0,"5":0,"6":0,"7":0,"8":0,"9":0,"10":0,"11":0},"b":{"1":[0,0],"2":[0,0],"3":[0,0]},"f":{"1":0},"fnMap":{"1":{"name":"checkMembership","line":5,"loc":{"start":{"line":5,"column":4},"end":{"line":37,"column":4}}}},"statementMap":{"1":{"start":{"line":11,"column":8},"end":{"line":11,"column":62}},"2":{"start":{"line":12,"column":8},"end":{"line":12,"column":47}},"3":{"start":{"line":15,"column":8},"end":{"line":15,"column":65}},"4":{"start":{"line":17,"column":8},"end":{"line":17,"column":28}},"5":{"start":{"line":18,"column":8},"end":{"line":18,"column":35}},"6":{"start":{"line":19,"column":8},"end":{"line":19,"column":632}},"7":{"start":{"line":24,"column":12},"end":{"line":24,"column":790}},"8":{"start":{"line":25,"column":16},"end":{"line":25,"column":832}},"9":{"start":{"line":29,"column":16},"end":{"line":29,"column":979}},"10":{"start":{"line":34,"column":12},"end":{"line":34,"column":28}},"11":{"start":{"line":36,"column":8},"end":{"line":36,"column":39}}},"branchMap":{"1":{"line":11,"type":"if","locations":[{"start":{"line":11,"column":8},"end":{"line":11,"column":8}},{"start":{"line":11,"column":8},"end":{"line":11,"column":8}}]},"2":{"line":15,"type":"if","locations":[{"start":{"line":15,"column":8},"end":{"line":15,"column":8}},{"start":{"line":15,"column":8},"end":{"line":15,"column":8}}]},"3":{"line":24,"type":"if","locations":[{"start":{"line":24,"column":12},"end":{"line":24,"column":12}},{"start":{"line":24,"column":12},"end":{"line":24,"column":12}}]}}},
"contracts/matic/lib/MerklePatriciaProof.sol":{"l":{"21":0,"22":0,"24":0,"25":0,"27":0,"28":0,"30":0,"31":0,"32":0,"35":0,"36":0,"37":0,"40":0,"41":0,"42":0,"44":0,"46":0,"47":0,"48":0,"52":0,"54":0,"58":0,"59":0,"60":0,"62":0,"65":0,"67":0,"72":0,"74":0,"78":0,"80":0,"85":0,"86":0,"89":0,"90":0,"92":0,"102":0,"105":0,"106":0,"110":0,"111":0,"112":0,"115":0,"116":0,"118":0,"120":0,"129":0,"130":0,"131":0,"132":0,"133":0,"134":0,"135":0,"136":0,"137":0,"139":0,"140":0,"143":0,"144":0,"147":0,"155":0},"path":"/Users/alex/Documents/Work/mob/bb/BarnBridge-Polygon/contracts/matic/lib/MerklePatriciaProof.sol","s":{"1":0,"2":0,"3":0,"4":0,"5":0,"6":0,"7":0,"8":0,"9":0,"10":0,"11":0,"12":0,"13":0,"14":0,"15":0,"16":0,"17":0,"18":0,"19":0,"20":0,"21":0,"22":0,"23":0,"24":0,"25":0,"26":0,"27":0,"28":0,"29":0,"30":0,"31":0,"32":0,"33":0,"34":0,"35":0,"36":0,"37":0,"38":0,"39":0,"40":0,"41":0,"42":0,"43":0,"44":0,"45":0,"46":0,"47":0,"48":0,"49":0,"50":0,"51":0,"52":0,"53":0,"54":0,"55":0,"56":0,"57":0,"58":0,"59":0,"60":0,"61":0,"62":0},"b":{"1":[0,0],"2":[0,0],"3":[0,0],"4":[0,0],"5":[0,0],"6":[0,0],"7":[0,0],"8":[0,0],"9":[0,0],"10":[0,0],"11":[0,0],"12":[0,0],"13":[0,0],"14":[0,0]},"f":{"1":0,"2":0,"3":0,"4":0},"fnMap":{"1":{"name":"verify","line":15,"loc":{"start":{"line":15,"column":4},"end":{"line":95,"column":4}}},"2":{"name":"_nibblesToTraverse","line":97,"loc":{"start":{"line":97,"column":4},"end":{"line":121,"column":4}}},"3":{"name":"_getNibbleArray","line":124,"loc":{"start":{"line":124,"column":4},"end":{"line":148,"column":4}}},"4":{"name":"_getNthNibbleOfBytes","line":150,"loc":{"start":{"line":150,"column":4},"end":{"line":159,"column":4}}}},"statementMap":{"1":{"start":{"line":21,"column":8},"end":{"line":21,"column":75}},"2":{"start":{"line":22,"column":8},"end":{"line":22,"column":71}},"3":{"start":{"line":24,"column":8},"end":{"line":24,"column":32}},"4":{"start":{"line":25,"column":8},"end":{"line":25,"column":50}},"5":{"start":{"line":27,"column":8},"end":{"line":27,"column":30}},"6":{"start":{"line":28,"column":8},"end":{"line":28,"column":27}},"7":{"start":{"line":30,"column":8},"end":{"line":30,"column":56}},"8":{"start":{"line":31,"column":8},"end":{"line":31,"column":1022}},"9":{"start":{"line":32,"column":12},"end":{"line":32,"column":24}},"10":{"start":{"line":35,"column":8},"end":{"line":35,"column":1091}},"11":{"start":{"line":36,"column":12},"end":{"line":36,"column":1158}},"12":{"start":{"line":37,"column":16},"end":{"line":37,"column":28}},"13":{"start":{"line":40,"column":12},"end":{"line":40,"column":61}},"14":{"start":{"line":41,"column":12},"end":{"line":41,"column":1308}},"15":{"start":{"line":42,"column":16},"end":{"line":42,"column":28}},"16":{"start":{"line":44,"column":12},"end":{"line":44,"column":61}},"17":{"start":{"line":46,"column":12},"end":{"line":46,"column":1470}},"18":{"start":{"line":47,"column":16},"end":{"line":47,"column":1526}},"19":{"start":{"line":48,"column":20},"end":{"line":48,"column":1580}},"20":{"start":{"line":52,"column":24},"end":{"line":52,"column":35}},"21":{"start":{"line":54,"column":24},"end":{"line":54,"column":36}},"22":{"start":{"line":58,"column":16},"end":{"line":58,"column":59}},"23":{"start":{"line":59,"column":16},"end":{"line":59,"column":1945}},"24":{"start":{"line":60,"column":20},"end":{"line":60,"column":32}},"25":{"start":{"line":62,"column":16},"end":{"line":62,"column":2040}},"26":{"start":{"line":65,"column":16},"end":{"line":65,"column":27}},"27":{"start":{"line":66,"column":19},"end":{"line":66,"column":2199}},"28":{"start":{"line":67,"column":16},"end":{"line":67,"column":2255}},"29":{"start":{"line":72,"column":16},"end":{"line":72,"column":2442}},"30":{"start":{"line":74,"column":20},"end":{"line":74,"column":2540}},"31":{"start":{"line":78,"column":24},"end":{"line":78,"column":35}},"32":{"start":{"line":80,"column":24},"end":{"line":80,"column":36}},"33":{"start":{"line":85,"column":16},"end":{"line":85,"column":2876}},"34":{"start":{"line":86,"column":20},"end":{"line":86,"column":32}},"35":{"start":{"line":89,"column":16},"end":{"line":89,"column":35}},"36":{"start":{"line":90,"column":16},"end":{"line":90,"column":76}},"37":{"start":{"line":92,"column":16},"end":{"line":92,"column":28}},"38":{"start":{"line":102,"column":8},"end":{"line":102,"column":23}},"39":{"start":{"line":105,"column":8},"end":{"line":105,"column":70}},"40":{"start":{"line":106,"column":8},"end":{"line":106,"column":63}},"41":{"start":{"line":110,"column":8},"end":{"line":110,"column":3757}},"42":{"start":{"line":111,"column":12},"end":{"line":111,"column":39}},"43":{"start":{"line":112,"column":12},"end":{"line":112,"column":47}},"44":{"start":{"line":115,"column":8},"end":{"line":115,"column":3934}},"45":{"start":{"line":116,"column":12},"end":{"line":116,"column":35}},"46":{"start":{"line":118,"column":12},"end":{"line":118,"column":18}},"47":{"start":{"line":120,"column":8},"end":{"line":120,"column":18}},"48":{"start":{"line":129,"column":8},"end":{"line":129,"column":33}},"49":{"start":{"line":130,"column":8},"end":{"line":130,"column":4291}},"50":{"start":{"line":131,"column":12},"end":{"line":131,"column":24}},"51":{"start":{"line":132,"column":12},"end":{"line":132,"column":62}},"52":{"start":{"line":133,"column":12},"end":{"line":133,"column":4417}},"53":{"start":{"line":134,"column":16},"end":{"line":134,"column":52}},"54":{"start":{"line":135,"column":16},"end":{"line":135,"column":61}},"55":{"start":{"line":136,"column":16},"end":{"line":136,"column":37}},"56":{"start":{"line":137,"column":16},"end":{"line":137,"column":25}},"57":{"start":{"line":139,"column":16},"end":{"line":139,"column":52}},"58":{"start":{"line":140,"column":16},"end":{"line":140,"column":25}},"59":{"start":{"line":143,"column":12},"end":{"line":143,"column":4772}},"60":{"start":{"line":144,"column":16},"end":{"line":144,"column":67}},"61":{"start":{"line":147,"column":8},"end":{"line":147,"column":22}},"62":{"start":{"line":155,"column":8},"end":{"line":155,"column":5081}}},"branchMap":{"1":{"line":31,"type":"if","locations":[{"start":{"line":31,"column":8},"end":{"line":31,"column":8}},{"start":{"line":31,"column":8},"end":{"line":31,"column":8}}]},"2":{"line":36,"type":"if","locations":[{"start":{"line":36,"column":12},"end":{"line":36,"column":12}},{"start":{"line":36,"column":12},"end":{"line":36,"column":12}}]},"3":{"line":41,"type":"if","locations":[{"start":{"line":41,"column":12},"end":{"line":41,"column":12}},{"start":{"line":41,"column":12},"end":{"line":41,"column":12}}]},"4":{"line":46,"type":"if","locations":[{"start":{"line":46,"column":12},"end":{"line":46,"column":12}},{"start":{"line":46,"column":12},"end":{"line":46,"column":12}}]},"5":{"line":47,"type":"if","locations":[{"start":{"line":47,"column":16},"end":{"line":47,"column":16}},{"start":{"line":47,"column":16},"end":{"line":47,"column":16}}]},"6":{"line":48,"type":"if","locations":[{"start":{"line":48,"column":20},"end":{"line":48,"column":20}},{"start":{"line":48,"column":20},"end":{"line":48,"column":20}}]},"7":{"line":59,"type":"if","locations":[{"start":{"line":59,"column":16},"end":{"line":59,"column":16}},{"start":{"line":59,"column":16},"end":{"line":59,"column":16}}]},"8":{"line":66,"type":"if","locations":[{"start":{"line":66,"column":19},"end":{"line":66,"column":19}},{"start":{"line":66,"column":19},"end":{"line":66,"column":19}}]},"9":{"line":72,"type":"if","locations":[{"start":{"line":72,"column":16},"end":{"line":72,"column":16}},{"start":{"line":72,"column":16},"end":{"line":72,"column":16}}]},"10":{"line":74,"type":"if","locations":[{"start":{"line":74,"column":20},"end":{"line":74,"column":20}},{"start":{"line":74,"column":20},"end":{"line":74,"column":20}}]},"11":{"line":85,"type":"if","locations":[{"start":{"line":85,"column":16},"end":{"line":85,"column":16}},{"start":{"line":85,"column":16},"end":{"line":85,"column":16}}]},"12":{"line":115,"type":"if","locations":[{"start":{"line":115,"column":8},"end":{"line":115,"column":8}},{"start":{"line":115,"column":8},"end":{"line":115,"column":8}}]},"13":{"line":130,"type":"if","locations":[{"start":{"line":130,"column":8},"end":{"line":130,"column":8}},{"start":{"line":130,"column":8},"end":{"line":130,"column":8}}]},"14":{"line":133,"type":"if","locations":[{"start":{"line":133,"column":12},"end":{"line":133,"column":12}},{"start":{"line":133,"column":12},"end":{"line":133,"column":12}}]}}},
"contracts/matic/lib/RLPReader.sol":{"l":{"24":0,"25":0,"26":0,"30":0,"41":0,"43":0,"44":0,"45":0,"46":0,"48":0,"49":0,"50":0,"51":0,"52":0,"53":0,"56":0,"61":0,"62":0,"63":0,"67":0,"68":0,"79":0,"81":0,"82":0,"86":0,"87":0,"91":0,"93":0,"95":0,"99":0,"100":0,"102":0,"103":0,"105":0,"106":0,"107":0,"108":0,"109":0,"118":0,"123":0,"124":0,"126":0,"128":0,"129":0,"130":0,"134":0,"138":0,"139":0,"140":0,"142":0,"143":0,"145":0,"146":0,"150":0,"151":0,"163":0,"164":0,"165":0,"166":0,"167":0,"168":0,"169":0,"172":0,"177":0,"178":0,"179":0,"183":0,"185":0,"187":0,"196":0,"198":0,"207":0,"212":0,"213":0,"217":0,"224":0,"238":0,"241":0,"242":0,"246":0,"247":0,"251":0,"252":0},"path":"/Users/alex/Documents/Work/mob/bb/BarnBridge-Polygon/contracts/matic/lib/RLPReader.sol","s":{"1":0,"2":0,"3":0,"4":0,"5":0,"6":0,"7":0,"8":0,"9":0,"10":0,"11":0,"12":0,"13":0,"14":0,"15":0,"16":0,"17":0,"18":0,"19":0,"20":0,"21":0,"22":0,"23":0,"24":0,"25":0,"26":0,"27":0,"28":0,"29":0,"30":0,"31":0,"32":0,"33":0,"34":0,"35":0,"36":0,"37":0,"38":0,"39":0,"40":0,"41":0,"42":0,"43":0,"44":0,"45":0,"46":0,"47":0,"48":0,"49":0,"50":0,"51":0,"52":0,"53":0,"54":0,"55":0,"56":0,"57":0,"58":0,"59":0,"60":0,"61":0,"62":0,"63":0,"64":0,"65":0,"66":0,"67":0,"68":0,"69":0,"70":0,"71":0,"72":0,"73":0,"74":0,"75":0,"76":0,"77":0,"78":0,"79":0,"80":0,"81":0},"b":{"1":[0,0],"2":[0,0],"3":[0,0],"4":[0,0],"5":[0,0],"6":[0,0],"7":[0,0],"8":[0,0],"9":[0,0],"10":[0,0],"11":[0,0],"12":[0,0],"13":[0,0],"14":[0,0],"15":[0,0],"16":[0,0],"17":[0,0],"18":[0,0],"19":[0,0],"20":[0,0],"21":[0,0]},"f":{"1":0,"2":0,"3":0,"4":0,"5":0,"6":0,"7":0,"8":0,"9":0,"10":0,"11":0,"12":0},"fnMap":{"1":{"name":"toRlpItem","line":19,"loc":{"start":{"line":19,"column":4},"end":{"line":31,"column":4}}},"2":{"name":"toList","line":36,"loc":{"start":{"line":36,"column":4},"end":{"line":57,"column":4}}},"3":{"name":"isList","line":60,"loc":{"start":{"line":60,"column":4},"end":{"line":69,"column":4}}},"4":{"name":"toRlpBytes","line":74,"loc":{"start":{"line":74,"column":4},"end":{"line":88,"column":4}}},"5":{"name":"toAddress","line":90,"loc":{"start":{"line":90,"column":4},"end":{"line":96,"column":4}}},"6":{"name":"toUint","line":98,"loc":{"start":{"line":98,"column":4},"end":{"line":119,"column":4}}},"7":{"name":"toUintStrict","line":122,"loc":{"start":{"line":122,"column":4},"end":{"line":135,"column":4}}},"8":{"name":"toBytes","line":137,"loc":{"start":{"line":137,"column":4},"end":{"line":152,"column":4}}},"9":{"name":"numItems","line":159,"loc":{"start":{"line":159,"column":4},"end":{"line":173,"column":4}}},"10":{"name":"_itemLength","line":176,"loc":{"start":{"line":176,"column":4},"end":{"line":208,"column":4}}},"11":{"name":"_payloadOffset","line":211,"loc":{"start":{"line":211,"column":4},"end":{"line":226,"column":4}}},"12":{"name":"copy","line":233,"loc":{"start":{"line":233,"column":4},"end":{"line":257,"column":4}}}},"statementMap":{"1":{"start":{"line":24,"column":8},"end":{"line":24,"column":66}},"2":{"start":{"line":25,"column":8},"end":{"line":25,"column":22}},"3":{"start":{"line":30,"column":8},"end":{"line":30,"column":43}},"4":{"start":{"line":41,"column":8},"end":{"line":41,"column":56}},"5":{"start":{"line":43,"column":8},"end":{"line":43,"column":38}},"6":{"start":{"line":44,"column":8},"end":{"line":44,"column":54}},"7":{"start":{"line":45,"column":8},"end":{"line":45,"column":53}},"8":{"start":{"line":46,"column":8},"end":{"line":46,"column":81}},"9":{"start":{"line":48,"column":8},"end":{"line":48,"column":66}},"10":{"start":{"line":49,"column":8},"end":{"line":49,"column":23}},"11":{"start":{"line":50,"column":8},"end":{"line":50,"column":1318}},"12":{"start":{"line":51,"column":12},"end":{"line":51,"column":40}},"13":{"start":{"line":52,"column":12},"end":{"line":52,"column":47}},"14":{"start":{"line":53,"column":12},"end":{"line":53,"column":36}},"15":{"start":{"line":56,"column":8},"end":{"line":56,"column":21}},"16":{"start":{"line":61,"column":8},"end":{"line":61,"column":19}},"17":{"start":{"line":62,"column":8},"end":{"line":62,"column":36}},"18":{"start":{"line":67,"column":8},"end":{"line":67,"column":50}},"19":{"start":{"line":67,"column":38},"end":{"line":67,"column":50}},"20":{"start":{"line":68,"column":8},"end":{"line":68,"column":19}},"21":{"start":{"line":79,"column":8},"end":{"line":79,"column":49}},"22":{"start":{"line":81,"column":8},"end":{"line":81,"column":19}},"23":{"start":{"line":86,"column":8},"end":{"line":86,"column":39}},"24":{"start":{"line":87,"column":8},"end":{"line":87,"column":21}},"25":{"start":{"line":91,"column":8},"end":{"line":91,"column":68}},"26":{"start":{"line":93,"column":8},"end":{"line":93,"column":67}},"27":{"start":{"line":95,"column":8},"end":{"line":95,"column":45}},"28":{"start":{"line":99,"column":8},"end":{"line":99,"column":65}},"29":{"start":{"line":100,"column":8},"end":{"line":100,"column":64}},"30":{"start":{"line":102,"column":8},"end":{"line":102,"column":53}},"31":{"start":{"line":103,"column":8},"end":{"line":103,"column":81}},"32":{"start":{"line":105,"column":8},"end":{"line":105,"column":52}},"33":{"start":{"line":106,"column":8},"end":{"line":106,"column":39}},"34":{"start":{"line":107,"column":8},"end":{"line":107,"column":22}},"35":{"start":{"line":108,"column":8},"end":{"line":108,"column":45}},"36":{"start":{"line":118,"column":8},"end":{"line":118,"column":21}},"37":{"start":{"line":123,"column":8},"end":{"line":123,"column":53}},"38":{"start":{"line":124,"column":8},"end":{"line":124,"column":88}},"39":{"start":{"line":126,"column":8},"end":{"line":126,"column":71}},"40":{"start":{"line":128,"column":8},"end":{"line":128,"column":22}},"41":{"start":{"line":129,"column":8},"end":{"line":129,"column":40}},"42":{"start":{"line":134,"column":8},"end":{"line":134,"column":21}},"43":{"start":{"line":138,"column":8},"end":{"line":138,"column":53}},"44":{"start":{"line":139,"column":8},"end":{"line":139,"column":82}},"45":{"start":{"line":140,"column":8},"end":{"line":140,"column":52}},"46":{"start":{"line":142,"column":8},"end":{"line":142,"column":39}},"47":{"start":{"line":143,"column":8},"end":{"line":143,"column":44}},"48":{"start":{"line":145,"column":8},"end":{"line":145,"column":23}},"49":{"start":{"line":150,"column":8},"end":{"line":150,"column":47}},"50":{"start":{"line":151,"column":8},"end":{"line":151,"column":21}},"51":{"start":{"line":163,"column":8},"end":{"line":163,"column":25}},"52":{"start":{"line":164,"column":8},"end":{"line":164,"column":67}},"53":{"start":{"line":165,"column":8},"end":{"line":165,"column":47}},"54":{"start":{"line":166,"column":8},"end":{"line":166,"column":4998}},"55":{"start":{"line":167,"column":12},"end":{"line":167,"column":51}},"56":{"start":{"line":168,"column":12},"end":{"line":168,"column":85}},"57":{"start":{"line":172,"column":8},"end":{"line":172,"column":20}},"58":{"start":{"line":177,"column":8},"end":{"line":177,"column":23}},"59":{"start":{"line":178,"column":8},"end":{"line":178,"column":21}},"60":{"start":{"line":183,"column":8},"end":{"line":183,"column":5496}},"61":{"start":{"line":183,"column":40},"end":{"line":183,"column":50}},"62":{"start":{"line":184,"column":13},"end":{"line":184,"column":5554}},"63":{"start":{"line":185,"column":12},"end":{"line":185,"column":51}},"64":{"start":{"line":186,"column":13},"end":{"line":186,"column":5652}},"65":{"start":{"line":195,"column":15},"end":{"line":195,"column":6097}},"66":{"start":{"line":196,"column":12},"end":{"line":196,"column":49}},"67":{"start":{"line":207,"column":8},"end":{"line":207,"column":22}},"68":{"start":{"line":212,"column":8},"end":{"line":212,"column":21}},"69":{"start":{"line":217,"column":8},"end":{"line":217,"column":6814}},"70":{"start":{"line":217,"column":40},"end":{"line":217,"column":48}},"71":{"start":{"line":218,"column":13},"end":{"line":218,"column":6869}},"72":{"start":{"line":221,"column":10},"end":{"line":221,"column":18}},"73":{"start":{"line":222,"column":13},"end":{"line":222,"column":7015}},"74":{"start":{"line":224,"column":12},"end":{"line":224,"column":54}},"75":{"start":{"line":225,"column":13},"end":{"line":225,"column":53}},"76":{"start":{"line":238,"column":8},"end":{"line":238,"column":28}},"77":{"start":{"line":238,"column":22},"end":{"line":238,"column":28}},"78":{"start":{"line":241,"column":8},"end":{"line":241,"column":7489}},"79":{"start":{"line":246,"column":12},"end":{"line":246,"column":27}},"80":{"start":{"line":247,"column":12},"end":{"line":247,"column":28}},"81":{"start":{"line":251,"column":8},"end":{"line":251,"column":49}}},"branchMap":{"1":{"line":24,"type":"if","locations":[{"start":{"line":24,"column":8},"end":{"line":24,"column":8}},{"start":{"line":24,"column":8},"end":{"line":24,"column":8}}]},"2":{"line":41,"type":"if","locations":[{"start":{"line":41,"column":8},"end":{"line":41,"column":8}},{"start":{"line":41,"column":8},"end":{"line":41,"column":8}}]},"3":{"line":46,"type":"if","locations":[{"start":{"line":46,"column":8},"end":{"line":46,"column":8}},{"start":{"line":46,"column":8},"end":{"line":46,"column":8}}]},"4":{"line":67,"type":"if","locations":[{"start":{"line":67,"column":8},"end":{"line":67,"column":8}},{"start":{"line":67,"column":8},"end":{"line":67,"column":8}}]},"5":{"line":91,"type":"if","locations":[{"start":{"line":91,"column":8},"end":{"line":91,"column":8}},{"start":{"line":91,"column":8},"end":{"line":91,"column":8}}]},"6":{"line":93,"type":"if","locations":[{"start":{"line":93,"column":8},"end":{"line":93,"column":8}},{"start":{"line":93,"column":8},"end":{"line":93,"column":8}}]},"7":{"line":99,"type":"if","locations":[{"start":{"line":99,"column":8},"end":{"line":99,"column":8}},{"start":{"line":99,"column":8},"end":{"line":99,"column":8}}]},"8":{"line":100,"type":"if","locations":[{"start":{"line":100,"column":8},"end":{"line":100,"column":8}},{"start":{"line":100,"column":8},"end":{"line":100,"column":8}}]},"9":{"line":103,"type":"if","locations":[{"start":{"line":103,"column":8},"end":{"line":103,"column":8}},{"start":{"line":103,"column":8},"end":{"line":103,"column":8}}]},"10":{"line":124,"type":"if","locations":[{"start":{"line":124,"column":8},"end":{"line":124,"column":8}},{"start":{"line":124,"column":8},"end":{"line":124,"column":8}}]},"11":{"line":126,"type":"if","locations":[{"start":{"line":126,"column":8},"end":{"line":126,"column":8}},{"start":{"line":126,"column":8},"end":{"line":126,"column":8}}]},"12":{"line":139,"type":"if","locations":[{"start":{"line":139,"column":8},"end":{"line":139,"column":8}},{"start":{"line":139,"column":8},"end":{"line":139,"column":8}}]},"13":{"line":168,"type":"if","locations":[{"start":{"line":168,"column":12},"end":{"line":168,"column":12}},{"start":{"line":168,"column":12},"end":{"line":168,"column":12}}]},"14":{"line":183,"type":"if","locations":[{"start":{"line":183,"column":8},"end":{"line":183,"column":8}},{"start":{"line":183,"column":8},"end":{"line":183,"column":8}}]},"15":{"line":184,"type":"if","locations":[{"start":{"line":184,"column":13},"end":{"line":184,"column":13}},{"start":{"line":184,"column":13},"end":{"line":184,"column":13}}]},"16":{"line":186,"type":"if","locations":[{"start":{"line":186,"column":13},"end":{"line":186,"column":13}},{"start":{"line":186,"column":13},"end":{"line":186,"column":13}}]},"17":{"line":195,"type":"if","locations":[{"start":{"line":195,"column":15},"end":{"line":195,"column":15}},{"start":{"line":195,"column":15},"end":{"line":195,"column":15}}]},"18":{"line":217,"type":"if","locations":[{"start":{"line":217,"column":8},"end":{"line":217,"column":8}},{"start":{"line":217,"column":8},"end":{"line":217,"column":8}}]},"19":{"line":218,"type":"if","locations":[{"start":{"line":218,"column":13},"end":{"line":218,"column":13}},{"start":{"line":218,"column":13},"end":{"line":218,"column":13}}]},"20":{"line":222,"type":"if","locations":[{"start":{"line":222,"column":13},"end":{"line":222,"column":13}},{"start":{"line":222,"column":13},"end":{"line":222,"column":13}}]},"21":{"line":238,"type":"if","locations":[{"start":{"line":238,"column":8},"end":{"line":238,"column":8}},{"start":{"line":238,"column":8},"end":{"line":238,"column":8}}]}}},
"contracts/mocks/ERC20ChildMock.sol":{"l":{"13":0,"18":0,"19":0,"23":0},"path":"/Users/alex/Documents/Work/mob/bb/BarnBridge-Polygon/contracts/mocks/ERC20ChildMock.sol","s":{"1":0,"2":0,"3":0,"4":0},"b":{},"f":{"1":0,"2":0,"3":0,"4":0},"fnMap":{"1":{"name":"constructor","line":9,"loc":{"start":{"line":9,"column":4},"end":{"line":10,"column":4}}},"2":{"name":"mint","line":12,"loc":{"start":{"line":12,"column":4},"end":{"line":14,"column":4}}},"3":{"name":"deposit","line":16,"loc":{"start":{"line":16,"column":4},"end":{"line":20,"column":4}}},"4":{"name":"withdraw","line":22,"loc":{"start":{"line":22,"column":4},"end":{"line":24,"column":4}}}},"statementMap":{"1":{"start":{"line":13,"column":8},"end":{"line":13,"column":31}},"2":{"start":{"line":18,"column":8},"end":{"line":18,"column":30}},"3":{"start":{"line":19,"column":8},"end":{"line":19,"column":27}},"4":{"start":{"line":23,"column":8},"end":{"line":23,"column":32}}},"branchMap":{}},
"contracts/mocks/ERC20Mock.sol":{"l":{"11":0},"path":"/Users/alex/Documents/Work/mob/bb/BarnBridge-Polygon/contracts/mocks/ERC20Mock.sol","s":{"1":0},"b":{},"f":{"1":0,"2":0},"fnMap":{"1":{"name":"constructor","line":7,"loc":{"start":{"line":7,"column":4},"end":{"line":8,"column":4}}},"2":{"name":"mint","line":10,"loc":{"start":{"line":10,"column":4},"end":{"line":12,"column":4}}}},"statementMap":{"1":{"start":{"line":11,"column":8},"end":{"line":11,"column":31}}},"branchMap":{}},
"contracts/mocks/RootChainManager.sol":{"l":{},"path":"/Users/alex/Documents/Work/mob/bb/BarnBridge-Polygon/contracts/mocks/RootChainManager.sol","s":{},"b":{},"f":{"1":0,"2":0,"3":0},"fnMap":{"1":{"name":"depositEtherFor","line":6,"loc":{"start":{"line":6,"column":4},"end":{"line":6,"column":70}}},"2":{"name":"depositFor","line":8,"loc":{"start":{"line":8,"column":4},"end":{"line":12,"column":25}}},"3":{"name":"exit","line":14,"loc":{"start":{"line":14,"column":4},"end":{"line":15,"column":4}}}},"statementMap":{},"branchMap":{}},
"contracts/mocks/SmartYieldProvider.sol":{"l":{"15":0,"19":0,"23":0,"25":0,"27":0},"path":"/Users/alex/Documents/Work/mob/bb/BarnBridge-Polygon/contracts/mocks/SmartYieldProvider.sol","s":{"1":0,"2":0,"3":0,"4":0,"5":0},"b":{},"f":{"1":0,"2":0,"3":0},"fnMap":{"1":{"name":"constructor","line":14,"loc":{"start":{"line":14,"column":4},"end":{"line":16,"column":4}}},"2":{"name":"setFeesOwner","line":18,"loc":{"start":{"line":18,"column":4},"end":{"line":20,"column":4}}},"3":{"name":"transferFees","line":22,"loc":{"start":{"line":22,"column":4},"end":{"line":28,"column":4}}}},"statementMap":{"1":{"start":{"line":15,"column":8},"end":{"line":15,"column":23}},"2":{"start":{"line":19,"column":8},"end":{"line":19,"column":29}},"3":{"start":{"line":23,"column":8},"end":{"line":23,"column":62}},"4":{"start":{"line":25,"column":8},"end":{"line":25,"column":47}},"5":{"start":{"line":27,"column":8},"end":{"line":27,"column":54}}},"branchMap":{}},
"contracts/PolygonCommunityVault.sol":{"l":{"39":0,"41":0,"43":0,"45":0,"46":0,"48":0,"49":0,"58":0,"60":0,"66":0,"68":0,"70":0,"71":0,"72":0,"74":0},"path":"/Users/alex/Documents/Work/mob/bb/BarnBridge-Polygon/contracts/PolygonCommunityVault.sol","s":{"1":0,"2":0,"3":0,"4":0,"5":0,"6":0,"7":0,"8":0,"9":0,"10":0,"11":0,"12":0,"13":0,"14":0,"15":0},"b":{"1":[0,0],"2":[0,0],"3":[0,0],"4":[0,0]},"f":{"1":0,"2":0,"3":0},"fnMap":{"1":{"name":"initialize","line":38,"loc":{"start":{"line":38,"column":4},"end":{"line":51,"column":4}}},"2":{"name":"setAllowance","line":57,"loc":{"start":{"line":57,"column":4},"end":{"line":61,"column":4}}},"3":{"name":"transferToChild","line":65,"loc":{"start":{"line":65,"column":4},"end":{"line":75,"column":4}}}},"statementMap":{"1":{"start":{"line":39,"column":8},"end":{"line":39,"column":85}},"2":{"start":{"line":41,"column":8},"end":{"line":41,"column":23}},"3":{"start":{"line":43,"column":8},"end":{"line":43,"column":21}},"4":{"start":{"line":45,"column":8},"end":{"line":45,"column":2179}},"5":{"start":{"line":46,"column":12},"end":{"line":46,"column":90}},"6":{"start":{"line":48,"column":12},"end":{"line":48,"column":43}},"7":{"start":{"line":49,"column":12},"end":{"line":49,"column":66}},"8":{"start":{"line":58,"column":8},"end":{"line":58,"column":47}},"9":{"start":{"line":60,"column":8},"end":{"line":60,"column":56}},"10":{"start":{"line":66,"column":8},"end":{"line":66,"column":90}},"11":{"start":{"line":68,"column":8},"end":{"line":68,"column":36}},"12":{"start":{"line":70,"column":8},"end":{"line":70,"column":55}},"13":{"start":{"line":71,"column":8},"end":{"line":71,"column":44}},"14":{"start":{"line":72,"column":8},"end":{"line":72,"column":76}},"15":{"start":{"line":74,"column":8},"end":{"line":74,"column":55}}},"branchMap":{"1":{"line":39,"type":"if","locations":[{"start":{"line":39,"column":8},"end":{"line":39,"column":8}},{"start":{"line":39,"column":8},"end":{"line":39,"column":8}}]},"2":{"line":45,"type":"if","locations":[{"start":{"line":45,"column":8},"end":{"line":45,"column":8}},{"start":{"line":45,"column":8},"end":{"line":45,"column":8}}]},"3":{"line":46,"type":"if","locations":[{"start":{"line":46,"column":12},"end":{"line":46,"column":12}},{"start":{"line":46,"column":12},"end":{"line":46,"column":12}}]},"4":{"line":66,"type":"if","locations":[{"start":{"line":66,"column":8},"end":{"line":66,"column":8}},{"start":{"line":66,"column":8},"end":{"line":66,"column":8}}]}}},
"contracts/PolygonDAOChild.sol":{"l":{"25":0,"26":0,"27":0,"29":0,"31":0,"32":0,"34":0,"35":0,"38":0,"44":0},"path":"/Users/alex/Documents/Work/mob/bb/BarnBridge-Polygon/contracts/PolygonDAOChild.sol","s":{"1":0,"2":0,"3":0,"4":0,"5":0,"6":0,"7":0,"8":0,"9":0,"10":0},"b":{"1":[0,0],"2":[0,0]},"f":{"1":0,"2":0,"3":0},"fnMap":{"1":{"name":"constructor","line":16,"loc":{"start":{"line":16,"column":4},"end":{"line":16,"column":63}}},"2":{"name":"_processMessageFromRoot","line":24,"loc":{"start":{"line":20,"column":4},"end":{"line":40,"column":4}}},"3":{"name":"sendMessageToRoot","line":43,"loc":{"start":{"line":43,"column":4},"end":{"line":45,"column":4}}}},"statementMap":{"1":{"start":{"line":25,"column":8},"end":{"line":25,"column":31}},"2":{"start":{"line":26,"column":8},"end":{"line":26,"column":40}},"3":{"start":{"line":27,"column":8},"end":{"line":27,"column":25}},"4":{"start":{"line":29,"column":8},"end":{"line":29,"column":108}},"5":{"start":{"line":31,"column":8},"end":{"line":31,"column":81}},"6":{"start":{"line":32,"column":8},"end":{"line":32,"column":1157}},"7":{"start":{"line":34,"column":12},"end":{"line":34,"column":44}},"8":{"start":{"line":34,"column":36},"end":{"line":34,"column":43}},"9":{"start":{"line":38,"column":12},"end":{"line":38,"column":47}},"10":{"start":{"line":44,"column":8},"end":{"line":44,"column":34}}},"branchMap":{"1":{"line":32,"type":"if","locations":[{"start":{"line":32,"column":8},"end":{"line":32,"column":8}},{"start":{"line":32,"column":8},"end":{"line":32,"column":8}}]},"2":{"line":34,"type":"if","locations":[{"start":{"line":34,"column":12},"end":{"line":34,"column":12}},{"start":{"line":34,"column":12},"end":{"line":34,"column":12}}]}}},
"contracts/PolygonDAOChildTest.sol":{"l":{"14":0},"path":"/Users/alex/Documents/Work/mob/bb/BarnBridge-Polygon/contracts/PolygonDAOChildTest.sol","s":{"1":0},"b":{},"f":{"1":0,"2":0},"fnMap":{"1":{"name":"constructor","line":7,"loc":{"start":{"line":7,"column":4},"end":{"line":7,"column":61}}},"2":{"name":"processMessageFromRootTest","line":9,"loc":{"start":{"line":9,"column":4},"end":{"line":15,"column":4}}}},"statementMap":{"1":{"start":{"line":14,"column":8},"end":{"line":14,"column":53}}},"branchMap":{}},
"contracts/PolygonDAORoot.sol":{"l":{"33":0,"40":0,"49":0,"51":0,"52":0,"54":0},"path":"/Users/alex/Documents/Work/mob/bb/BarnBridge-Polygon/contracts/PolygonDAORoot.sol","s":{"1":0,"2":0,"3":0,"4":0,"5":0,"6":0},"b":{"1":[0,0]},"f":{"1":0,"2":0,"3":0,"4":0},"fnMap":{"1":{"name":"constructor","line":26,"loc":{"start":{"line":26,"column":4},"end":{"line":27,"column":4}}},"2":{"name":"_processMessageFromChild","line":32,"loc":{"start":{"line":32,"column":4},"end":{"line":34,"column":4}}},"3":{"name":"sendMessageToChild","line":39,"loc":{"start":{"line":39,"column":4},"end":{"line":41,"column":4}}},"4":{"name":"callOnChild","line":48,"loc":{"start":{"line":48,"column":4},"end":{"line":55,"column":4}}}},"statementMap":{"1":{"start":{"line":33,"column":8},"end":{"line":33,"column":25}},"2":{"start":{"line":40,"column":8},"end":{"line":40,"column":36}},"3":{"start":{"line":49,"column":8},"end":{"line":49,"column":96}},"4":{"start":{"line":51,"column":8},"end":{"line":51,"column":65}},"5":{"start":{"line":52,"column":8},"end":{"line":52,"column":34}},"6":{"start":{"line":54,"column":8},"end":{"line":54,"column":68}}},"branchMap":{"1":{"line":49,"type":"if","locations":[{"start":{"line":49,"column":8},"end":{"line":49,"column":8}},{"start":{"line":49,"column":8},"end":{"line":49,"column":8}}]}}},
"contracts/PolygonTokenHarvester.sol":{"l":{"50":0,"52":0,"53":0,"54":0,"56":0,"59":0,"65":0,"69":0,"75":0,"79":0,"86":0,"96":0,"97":0,"99":0,"101":0,"108":0,"110":0,"112":0,"114":0,"115":0,"117":0,"125":0,"126":0,"128":0,"137":0,"140":0,"141":0,"143":0,"145":0,"147":0,"148":0,"150":0,"157":0,"159":0,"160":0,"162":0,"163":0},"path":"/Users/alex/Documents/Work/mob/bb/BarnBridge-Polygon/contracts/PolygonTokenHarvester.sol","s":{"1":0,"2":0,"3":0,"4":0,"5":0,"6":0,"7":0,"8":0,"9":0,"10":0,"11":0,"12":0,"13":0,"14":0,"15":0,"16":0,"17":0,"18":0,"19":0,"20":0,"21":0,"22":0,"23":0,"24":0,"25":0,"26":0,"27":0,"28":0,"29":0,"30":0,"31":0,"32":0,"33":0,"34":0,"35":0},"b":{"1":[0,0],"2":[0,0],"3":[0,0],"4":[0,0],"5":[0,0],"6":[0,0],"7":[0,0],"8":[0,0]},"f":{"1":0,"2":0,"3":0,"4":0,"5":0,"6":0,"7":0,"8":0,"9":0},"fnMap":{"1":{"name":"initialize","line":49,"loc":{"start":{"line":49,"column":4},"end":{"line":60,"column":5}}},"2":{"name":"onlyOnRoot","line":64,"loc":{"start":{"line":64,"column":4},"end":{"line":70,"column":4}}},"3":{"name":"onlyOnChild","line":74,"loc":{"start":{"line":74,"column":4},"end":{"line":80,"column":4}}},"4":{"name":"setWithdrawCooldown","line":85,"loc":{"start":{"line":85,"column":4},"end":{"line":87,"column":4}}},"5":{"name":"withdrawOnRoot","line":95,"loc":{"start":{"line":95,"column":4},"end":{"line":102,"column":4}}},"6":{"name":"transferToOwner","line":107,"loc":{"start":{"line":107,"column":4},"end":{"line":118,"column":4}}},"7":{"name":"withdrawAndTransferToOwner","line":124,"loc":{"start":{"line":124,"column":4},"end":{"line":129,"column":4}}},"8":{"name":"withdrawOnChild","line":136,"loc":{"start":{"line":136,"column":4},"end":{"line":151,"column":4}}},"9":{"name":"claimAndWithdrawOnChild","line":156,"loc":{"start":{"line":156,"column":4},"end":{"line":164,"column":4}}}},"statementMap":{"1":{"start":{"line":50,"column":8},"end":{"line":50,"column":23}},"2":{"start":{"line":52,"column":8},"end":{"line":52,"column":2471}},"3":{"start":{"line":53,"column":12},"end":{"line":53,"column":30}},"4":{"start":{"line":54,"column":12},"end":{"line":54,"column":47}},"5":{"start":{"line":56,"column":12},"end":{"line":56,"column":31}},"6":{"start":{"line":59,"column":8},"end":{"line":59,"column":43}},"7":{"start":{"line":65,"column":8},"end":{"line":65,"column":2857}},"8":{"start":{"line":75,"column":8},"end":{"line":75,"column":3144}},"9":{"start":{"line":86,"column":8},"end":{"line":86,"column":43}},"10":{"start":{"line":96,"column":8},"end":{"line":96,"column":78}},"11":{"start":{"line":97,"column":8},"end":{"line":97,"column":43}},"12":{"start":{"line":99,"column":8},"end":{"line":99,"column":41}},"13":{"start":{"line":101,"column":8},"end":{"line":101,"column":25}},"14":{"start":{"line":108,"column":8},"end":{"line":108,"column":82}},"15":{"start":{"line":110,"column":8},"end":{"line":110,"column":37}},"16":{"start":{"line":112,"column":8},"end":{"line":112,"column":28}},"17":{"start":{"line":114,"column":8},"end":{"line":114,"column":55}},"18":{"start":{"line":115,"column":8},"end":{"line":115,"column":37}},"19":{"start":{"line":117,"column":8},"end":{"line":117,"column":62}},"20":{"start":{"line":125,"column":8},"end":{"line":125,"column":56}},"21":{"start":{"line":126,"column":8},"end":{"line":126,"column":30}},"22":{"start":{"line":128,"column":8},"end":{"line":128,"column":25}},"23":{"start":{"line":137,"column":8},"end":{"line":137,"column":93}},"24":{"start":{"line":140,"column":8},"end":{"line":140,"column":5797}},"25":{"start":{"line":141,"column":12},"end":{"line":141,"column":18}},"26":{"start":{"line":143,"column":8},"end":{"line":143,"column":47}},"27":{"start":{"line":145,"column":8},"end":{"line":145,"column":62}},"28":{"start":{"line":147,"column":8},"end":{"line":147,"column":55}},"29":{"start":{"line":148,"column":8},"end":{"line":148,"column":29}},"30":{"start":{"line":150,"column":8},"end":{"line":150,"column":63}},"31":{"start":{"line":157,"column":8},"end":{"line":157,"column":91}},"32":{"start":{"line":159,"column":8},"end":{"line":159,"column":71}},"33":{"start":{"line":160,"column":8},"end":{"line":160,"column":46}},"34":{"start":{"line":162,"column":8},"end":{"line":162,"column":30}},"35":{"start":{"line":163,"column":8},"end":{"line":163,"column":34}}},"branchMap":{"1":{"line":52,"type":"if","locations":[{"start":{"line":52,"column":8},"end":{"line":52,"column":8}},{"start":{"line":52,"column":8},"end":{"line":52,"column":8}}]},"2":{"line":65,"type":"if","locations":[{"start":{"line":65,"column":8},"end":{"line":65,"column":8}},{"start":{"line":65,"column":8},"end":{"line":65,"column":8}}]},"3":{"line":75,"type":"if","locations":[{"start":{"line":75,"column":8},"end":{"line":75,"column":8}},{"start":{"line":75,"column":8},"end":{"line":75,"column":8}}]},"4":{"line":97,"type":"if","locations":[{"start":{"line":97,"column":8},"end":{"line":97,"column":8}},{"start":{"line":97,"column":8},"end":{"line":97,"column":8}}]},"5":{"line":108,"type":"if","locations":[{"start":{"line":108,"column":8},"end":{"line":108,"column":8}},{"start":{"line":108,"column":8},"end":{"line":108,"column":8}}]},"6":{"line":137,"type":"if","locations":[{"start":{"line":137,"column":8},"end":{"line":137,"column":8}},{"start":{"line":137,"column":8},"end":{"line":137,"column":8}}]},"7":{"line":140,"type":"if","locations":[{"start":{"line":140,"column":8},"end":{"line":140,"column":8}},{"start":{"line":140,"column":8},"end":{"line":140,"column":8}}]},"8":{"line":157,"type":"if","locations":[{"start":{"line":157,"column":8},"end":{"line":157,"column":8}},{"start":{"line":157,"column":8},"end":{"line":157,"column":8}}]}}}}
