TN:
SF:/Users/alex/Documents/Work/mob/bb/BarnBridge-Polygon/contracts/ISmartYieldProvider.sol
FNF:0
FNH:0
LF:0
LH:0
BRF:0
BRH:0
end_of_record
TN:
SF:/Users/alex/Documents/Work/mob/bb/BarnBridge-Polygon/contracts/matic/FxBaseChildTunnel.sol
FN:22,constructor
FN:27,validateSender
FN:33,setFxRootTunnel
FN:38,processMessageFromRoot
FN:52,_sendMessageToRoot
FNF:5
FNH:0
FNDA:0,constructor
FNDA:0,validateSender
FNDA:0,setFxRootTunnel
FNDA:0,processMessageFromRoot
FNDA:0,_sendMessageToRoot
DA:23,0
DA:28,0
DA:29,0
DA:34,0
DA:35,0
DA:39,0
DA:40,0
DA:53,0
LF:8
LH:0
BRDA:28,1,0,0
BRDA:28,1,1,0
BRDA:34,2,0,0
BRDA:34,2,1,0
BRDA:39,3,0,0
BRDA:39,3,1,0
BRF:6
BRH:0
end_of_record
TN:
SF:/Users/alex/Documents/Work/mob/bb/BarnBridge-Polygon/contracts/matic/FxBaseRootTunnel.sol
FN:48,constructor
FN:54,setFxChildTunnel
FN:67,_sendMessageToChild
FN:71,_validateAndExtractMessage
FN:142,_checkBlockMembershipInCheckpoint
FN:188,receiveMessage
FNF:6
FNH:0
FNDA:0,constructor
FNDA:0,setFxChildTunnel
FNDA:0,_sendMessageToChild
FNDA:0,_validateAndExtractMessage
FNDA:0,_checkBlockMembershipInCheckpoint
FNDA:0,receiveMessage
DA:49,0
DA:50,0
DA:55,0
DA:56,0
DA:68,0
DA:72,0
DA:78,0
DA:88,0
DA:92,0
DA:94,0
DA:98,0
DA:103,0
DA:106,0
DA:109,0
DA:120,0
DA:129,0
DA:131,0
DA:137,0
DA:138,0
DA:139,0
DA:150,0
DA:158,0
DA:169,0
DA:189,0
DA:190,0
LF:25
LH:0
BRDA:55,1,0,0
BRDA:55,1,1,0
BRDA:88,2,0,0
BRDA:88,2,1,0
BRDA:106,3,0,0
BRDA:106,3,1,0
BRDA:109,4,0,0
BRDA:109,4,1,0
BRDA:131,5,0,0
BRDA:131,5,1,0
BRDA:158,6,0,0
BRDA:158,6,1,0
BRF:12
BRH:0
end_of_record
TN:
SF:/Users/alex/Documents/Work/mob/bb/BarnBridge-Polygon/contracts/matic/IERC20ChildToken.sol
FNF:0
FNH:0
LF:0
LH:0
BRF:0
BRH:0
end_of_record
TN:
SF:/Users/alex/Documents/Work/mob/bb/BarnBridge-Polygon/contracts/matic/IERC20Predicate.sol
FNF:0
FNH:0
LF:0
LH:0
BRF:0
BRH:0
end_of_record
TN:
SF:/Users/alex/Documents/Work/mob/bb/BarnBridge-Polygon/contracts/matic/IRootChainManager.sol
FNF:0
FNH:0
LF:0
LH:0
BRF:0
BRH:0
end_of_record
TN:
SF:/Users/alex/Documents/Work/mob/bb/BarnBridge-Polygon/contracts/matic/IStateSender.sol
FNF:0
FNH:0
LF:0
LH:0
BRF:0
BRH:0
end_of_record
TN:
SF:/Users/alex/Documents/Work/mob/bb/BarnBridge-Polygon/contracts/matic/lib/Merkle.sol
FN:5,checkMembership
FNF:1
FNH:0
FNDA:0,checkMembership
DA:11,0
DA:12,0
DA:15,0
DA:17,0
DA:18,0
DA:19,0
DA:20,0
DA:24,0
DA:25,0
DA:29,0
DA:34,0
DA:36,0
LF:12
LH:0
BRDA:11,1,0,0
BRDA:11,1,1,0
BRDA:15,2,0,0
BRDA:15,2,1,0
BRDA:24,3,0,0
BRDA:24,3,1,0
BRF:6
BRH:0
end_of_record
TN:
SF:/Users/alex/Documents/Work/mob/bb/BarnBridge-Polygon/contracts/matic/lib/MerklePatriciaProof.sol
FN:15,verify
FN:97,_nibblesToTraverse
FN:124,_getNibbleArray
FN:150,_getNthNibbleOfBytes
FNF:4
FNH:0
FNDA:0,verify
FNDA:0,_nibblesToTraverse
FNDA:0,_getNibbleArray
FNDA:0,_getNthNibbleOfBytes
DA:21,0
DA:22,0
DA:24,0
DA:25,0
DA:27,0
DA:28,0
DA:30,0
DA:31,0
DA:32,0
DA:35,0
DA:36,0
DA:37,0
DA:40,0
DA:41,0
DA:42,0
DA:44,0
DA:46,0
DA:47,0
DA:48,0
DA:52,0
DA:54,0
DA:58,0
DA:59,0
DA:60,0
DA:62,0
DA:65,0
DA:67,0
DA:72,0
DA:74,0
DA:78,0
DA:80,0
DA:85,0
DA:86,0
DA:89,0
DA:90,0
DA:92,0
DA:102,0
DA:105,0
DA:106,0
DA:110,0
DA:111,0
DA:112,0
DA:115,0
DA:116,0
DA:118,0
DA:120,0
DA:129,0
DA:130,0
DA:131,0
DA:132,0
DA:133,0
DA:134,0
DA:135,0
DA:136,0
DA:137,0
DA:139,0
DA:140,0
DA:143,0
DA:144,0
DA:147,0
DA:155,0
LF:61
LH:0
BRDA:31,1,0,0
BRDA:31,1,1,0
BRDA:36,2,0,0
BRDA:36,2,1,0
BRDA:41,3,0,0
BRDA:41,3,1,0
BRDA:46,4,0,0
BRDA:46,4,1,0
BRDA:47,5,0,0
BRDA:47,5,1,0
BRDA:48,6,0,0
BRDA:48,6,1,0
BRDA:59,7,0,0
BRDA:59,7,1,0
BRDA:66,8,0,0
BRDA:66,8,1,0
BRDA:72,9,0,0
BRDA:72,9,1,0
BRDA:74,10,0,0
BRDA:74,10,1,0
BRDA:85,11,0,0
BRDA:85,11,1,0
BRDA:115,12,0,0
BRDA:115,12,1,0
BRDA:130,13,0,0
BRDA:130,13,1,0
BRDA:133,14,0,0
BRDA:133,14,1,0
BRF:28
BRH:0
end_of_record
TN:
SF:/Users/alex/Documents/Work/mob/bb/BarnBridge-Polygon/contracts/matic/lib/RLPReader.sol
FN:19,toRlpItem
FN:36,toList
FN:60,isList
FN:74,toRlpBytes
FN:90,toAddress
FN:98,toUint
FN:122,toUintStrict
FN:137,toBytes
FN:159,numItems
FN:176,_itemLength
FN:211,_payloadOffset
FN:233,copy
FNF:12
FNH:0
FNDA:0,toRlpItem
FNDA:0,toList
FNDA:0,isList
FNDA:0,toRlpBytes
FNDA:0,toAddress
FNDA:0,toUint
FNDA:0,toUintStrict
FNDA:0,toBytes
FNDA:0,numItems
FNDA:0,_itemLength
FNDA:0,_payloadOffset
FNDA:0,copy
DA:24,0
DA:25,0
DA:26,0
DA:30,0
DA:41,0
DA:43,0
DA:44,0
DA:45,0
DA:46,0
DA:48,0
DA:49,0
DA:50,0
DA:51,0
DA:52,0
DA:53,0
DA:56,0
DA:61,0
DA:62,0
DA:63,0
DA:67,0
DA:68,0
DA:79,0
DA:81,0
DA:82,0
DA:86,0
DA:87,0
DA:91,0
DA:93,0
DA:95,0
DA:99,0
DA:100,0
DA:102,0
DA:103,0
DA:105,0
DA:106,0
DA:107,0
DA:108,0
DA:109,0
DA:118,0
DA:123,0
DA:124,0
DA:126,0
DA:128,0
DA:129,0
DA:130,0
DA:134,0
DA:138,0
DA:139,0
DA:140,0
DA:142,0
DA:143,0
DA:145,0
DA:146,0
DA:150,0
DA:151,0
DA:163,0
DA:164,0
DA:165,0
DA:166,0
DA:167,0
DA:168,0
DA:169,0
DA:172,0
DA:177,0
DA:178,0
DA:179,0
DA:183,0
DA:185,0
DA:187,0
DA:196,0
DA:198,0
DA:207,0
DA:212,0
DA:213,0
DA:217,0
DA:224,0
DA:238,0
DA:241,0
DA:242,0
DA:246,0
DA:247,0
DA:251,0
DA:252,0
LF:83
LH:0
BRDA:24,1,0,0
BRDA:24,1,1,0
BRDA:41,2,0,0
BRDA:41,2,1,0
BRDA:46,3,0,0
BRDA:46,3,1,0
BRDA:67,4,0,0
BRDA:67,4,1,0
BRDA:91,5,0,0
BRDA:91,5,1,0
BRDA:93,6,0,0
BRDA:93,6,1,0
BRDA:99,7,0,0
BRDA:99,7,1,0
BRDA:100,8,0,0
BRDA:100,8,1,0
BRDA:103,9,0,0
BRDA:103,9,1,0
BRDA:124,10,0,0
BRDA:124,10,1,0
BRDA:126,11,0,0
BRDA:126,11,1,0
BRDA:139,12,0,0
BRDA:139,12,1,0
BRDA:168,13,0,0
BRDA:168,13,1,0
BRDA:183,14,0,0
BRDA:183,14,1,0
BRDA:184,15,0,0
BRDA:184,15,1,0
BRDA:186,16,0,0
BRDA:186,16,1,0
BRDA:195,17,0,0
BRDA:195,17,1,0
BRDA:217,18,0,0
BRDA:217,18,1,0
BRDA:218,19,0,0
BRDA:218,19,1,0
BRDA:222,20,0,0
BRDA:222,20,1,0
BRDA:238,21,0,0
BRDA:238,21,1,0
BRF:42
BRH:0
end_of_record
TN:
SF:/Users/alex/Documents/Work/mob/bb/BarnBridge-Polygon/contracts/mocks/ERC20ChildMock.sol
FN:9,constructor
FN:12,mint
FN:16,deposit
FN:22,withdraw
FNF:4
FNH:3
FNDA:6,constructor
FNDA:4,mint
FNDA:0,deposit
FNDA:4,withdraw
DA:13,4
DA:18,0
DA:19,0
DA:23,4
LF:4
LH:2
BRF:0
BRH:0
end_of_record
TN:
SF:/Users/alex/Documents/Work/mob/bb/BarnBridge-Polygon/contracts/mocks/ERC20Mock.sol
FN:7,constructor
FN:10,mint
FNF:2
FNH:0
FNDA:0,constructor
FNDA:0,mint
DA:11,0
LF:1
LH:0
BRF:0
BRH:0
end_of_record
TN:
SF:/Users/alex/Documents/Work/mob/bb/BarnBridge-Polygon/contracts/mocks/RootChainManager.sol
FN:6,depositEtherFor
FN:8,depositFor
FN:14,exit
FNF:3
FNH:1
FNDA:0,depositEtherFor
FNDA:0,depositFor
FNDA:1,exit
LF:0
LH:0
BRF:0
BRH:0
end_of_record
TN:
SF:/Users/alex/Documents/Work/mob/bb/BarnBridge-Polygon/contracts/mocks/SmartYieldProvider.sol
FN:14,constructor
FN:18,setFeesOwner
FN:22,transferFees
FNF:3
FNH:3
FNDA:6,constructor
FNDA:6,setFeesOwner
FNDA:2,transferFees
DA:15,6
DA:19,6
DA:23,2
DA:25,2
DA:27,2
LF:5
LH:5
BRF:0
BRH:0
end_of_record
TN:
SF:/Users/alex/Documents/Work/mob/bb/BarnBridge-Polygon/contracts/PolygonCommunityVault.sol
FN:17,initialize
FN:32,setAllowance
FN:38,transferToChild
FNF:3
FNH:3
FNDA:26,initialize
FNDA:2,setAllowance
FNDA:3,transferToChild
DA:18,26
DA:20,26
DA:22,26
DA:24,26
DA:25,13
DA:27,13
DA:28,13
DA:33,2
DA:35,2
DA:39,3
DA:41,2
DA:43,2
DA:44,2
DA:45,2
DA:47,2
LF:15
LH:15
BRDA:18,1,0,26
BRDA:18,1,1,0
BRDA:24,2,0,13
BRDA:24,2,1,13
BRDA:25,3,0,13
BRDA:25,3,1,0
BRDA:39,4,0,2
BRDA:39,4,1,1
BRF:8
BRH:6
end_of_record
TN:
SF:/Users/alex/Documents/Work/mob/bb/BarnBridge-Polygon/contracts/PolygonDAOChild.sol
FN:11,constructor
FN:17,_processMessageFromRoot
FN:23,sendMessageToRoot
FNF:3
FNH:0
FNDA:0,constructor
FNDA:0,_processMessageFromRoot
FNDA:0,sendMessageToRoot
DA:18,0
DA:19,0
DA:20,0
DA:24,0
LF:4
LH:0
BRF:0
BRH:0
end_of_record
TN:
SF:/Users/alex/Documents/Work/mob/bb/BarnBridge-Polygon/contracts/PolygonDAORoot.sol
FN:9,constructor
FN:12,_processMessageFromChild
FN:16,sendMessageToChild
FNF:3
FNH:0
FNDA:0,constructor
FNDA:0,_processMessageFromChild
FNDA:0,sendMessageToChild
DA:13,0
DA:17,0
LF:2
LH:0
BRF:0
BRH:0
end_of_record
TN:
SF:/Users/alex/Documents/Work/mob/bb/BarnBridge-Polygon/contracts/PolygonTokenHarvester.sol
FN:22,initialize
FN:35,onlyOnRoot
FN:43,onlyOnChild
FN:51,setWithdrawCooldown
FN:56,withdrawOnRoot
FN:62,transferToOwner
FN:76,withdrawOnChild
FN:93,claimAndWithdrawOnChild
FN:103,claimAndWithdrawOnChildMulti
FNF:9
FNH:9
FNDA:26,initialize
FNDA:3,onlyOnRoot
FNDA:11,onlyOnChild
FNDA:27,setWithdrawCooldown
FNDA:1,withdrawOnRoot
FNDA:1,transferToOwner
FNDA:5,withdrawOnChild
FNDA:2,claimAndWithdrawOnChild
FNDA:1,claimAndWithdrawOnChildMulti
DA:23,26
DA:25,26
DA:27,26
DA:28,13
DA:29,13
DA:31,13
DA:36,3
DA:40,2
DA:44,11
DA:48,8
DA:52,27
DA:57,1
DA:59,1
DA:63,1
DA:65,1
DA:67,1
DA:69,1
DA:70,1
DA:72,1
DA:77,5
DA:80,5
DA:81,1
DA:83,4
DA:85,4
DA:87,4
DA:88,4
DA:90,4
DA:94,2
DA:96,2
DA:97,2
DA:99,2
DA:100,2
DA:104,1
DA:105,1
DA:107,1
DA:108,2
LF:36
LH:36
BRDA:27,1,0,13
BRDA:27,1,1,13
BRDA:36,2,0,2
BRDA:36,2,1,1
BRDA:44,3,0,8
BRDA:44,3,1,3
BRDA:63,4,0,1
BRDA:63,4,1,0
BRDA:77,5,0,5
BRDA:77,5,1,0
BRDA:80,6,0,1
BRDA:80,6,1,4
BRDA:94,7,0,2
BRDA:94,7,1,0
BRDA:105,8,0,1
BRDA:105,8,1,0
BRF:16
BRH:12
end_of_record
